C:\USERS\TRAVIS BROWN\DOCUMENTS\VISUAL STUDIO 2010\PROJECTS\DEBUG\GENALG.EXE
C:\USERS\TRAVIS BROWN\DOCUMENTS\VISUAL STUDIO 2010\PROJECTS\DEBUG\GENALG.ILK
C:\USERS\TRAVIS BROWN\DOCUMENTS\VISUAL STUDIO 2010\PROJECTS\DEBUG\GENALG.PDB
C:\Users\Travis Brown\Documents\Visual Studio 2010\Projects\GenAlg\Debug\cl.command.1.tlog
C:\Users\Travis Brown\Documents\Visual Studio 2010\Projects\GenAlg\Debug\CL.read.1.tlog
C:\Users\Travis Brown\Documents\Visual Studio 2010\Projects\GenAlg\Debug\CL.write.1.tlog
C:\USERS\TRAVIS BROWN\DOCUMENTS\VISUAL STUDIO 2010\PROJECTS\GENALG\DEBUG\GENALG.EXE.EMBED.MANIFEST
C:\USERS\TRAVIS BROWN\DOCUMENTS\VISUAL STUDIO 2010\PROJECTS\GENALG\DEBUG\GENALG.EXE.EMBED.MANIFEST.RES
C:\USERS\TRAVIS BROWN\DOCUMENTS\VISUAL STUDIO 2010\PROJECTS\GENALG\DEBUG\GENALG.EXE.INTERMEDIATE.MANIFEST
C:\Users\Travis Brown\Documents\Visual Studio 2010\Projects\GenAlg\Debug\GenAlg_manifest.rc
C:\USERS\TRAVIS BROWN\DOCUMENTS\VISUAL STUDIO 2010\PROJECTS\GENALG\DEBUG\GENETICALGORITHM.OBJ
C:\USERS\TRAVIS BROWN\DOCUMENTS\VISUAL STUDIO 2010\PROJECTS\GENALG\DEBUG\GENETICALGORITHMMAP.OBJ
C:\Users\Travis Brown\Documents\Visual Studio 2010\Projects\GenAlg\Debug\link.3528.read.1.tlog
C:\Users\Travis Brown\Documents\Visual Studio 2010\Projects\GenAlg\Debug\link.3528.write.1.tlog
C:\Users\Travis Brown\Documents\Visual Studio 2010\Projects\GenAlg\Debug\link.3528-cvtres.read.1.tlog
C:\Users\Travis Brown\Documents\Visual Studio 2010\Projects\GenAlg\Debug\link.3528-cvtres.write.1.tlog
C:\Users\Travis Brown\Documents\Visual Studio 2010\Projects\GenAlg\Debug\link.command.1.tlog
C:\Users\Travis Brown\Documents\Visual Studio 2010\Projects\GenAlg\Debug\link.read.1.tlog
C:\Users\Travis Brown\Documents\Visual Studio 2010\Projects\GenAlg\Debug\link.write.1.tlog
C:\Users\Travis Brown\Documents\Visual Studio 2010\Projects\GenAlg\Debug\link-cvtres.read.1.tlog
C:\Users\Travis Brown\Documents\Visual Studio 2010\Projects\GenAlg\Debug\link-cvtres.write.1.tlog
C:\USERS\TRAVIS BROWN\DOCUMENTS\VISUAL STUDIO 2010\PROJECTS\GENALG\DEBUG\MAIN.OBJ
C:\Users\Travis Brown\Documents\Visual Studio 2010\Projects\GenAlg\Debug\mt.command.1.tlog
C:\Users\Travis Brown\Documents\Visual Studio 2010\Projects\GenAlg\Debug\mt.read.1.tlog
C:\Users\Travis Brown\Documents\Visual Studio 2010\Projects\GenAlg\Debug\mt.write.1.tlog
C:\Users\Travis Brown\Documents\Visual Studio 2010\Projects\GenAlg\Debug\rc.command.1.tlog
C:\Users\Travis Brown\Documents\Visual Studio 2010\Projects\GenAlg\Debug\rc.read.1.tlog
C:\Users\Travis Brown\Documents\Visual Studio 2010\Projects\GenAlg\Debug\rc.write.1.tlog
C:\USERS\TRAVIS BROWN\DOCUMENTS\VISUAL STUDIO 2010\PROJECTS\GENALG\DEBUG\UTILITIES.OBJ
C:\Users\Travis Brown\Documents\Visual Studio 2010\Projects\GenAlg\Debug\vc100.idb
C:\USERS\TRAVIS BROWN\DOCUMENTS\VISUAL STUDIO 2010\PROJECTS\GENALG\DEBUG\VC100.PDB
